Build started 9/15/2012 11:37:46 AM.
     1>Project "C:\Users\Yuanhui\Documents\GitHub\Homework0\HW0_WIN\CUDATEST\CUDATEST.vcxproj" on node 2 (build target(s)).
     1>PrepareForBuild:
         Creating directory "C:\Users\Yuanhui\Documents\GitHub\Homework0\HW0_WIN\Release\".
       InitializeBuildStatus:
         Creating "Release\CUDATEST.unsuccessfulbuild" because "AlwaysCreate" was specified.
       AddCudaCompileDeps:
         c:\Program Files (x86)\Microsoft Visual Studio 10.0\VC\bin\cl.exe /E /nologo /showIncludes /TP /I"C:\Program Files\NVIDIA GPU Computing Toolkit\CUDA\v4.0\include" /I"C:/ProgramData/NVIDIA Corporation/NVIDIA GPU Computing SDK 4.0/C/common/inc" /I../shared/glew/includes /I../shared/freeglut/includes /I"C:\Program Files\NVIDIA GPU Computing Toolkit\CUDA\v4.0\bin" /I"C:\Program Files\NVIDIA GPU Computing Toolkit\CUDA\v4.0\include" /I. /FIcuda_runtime.h /c C:\Users\Yuanhui\Documents\GitHub\Homework0\HW0_WIN\CUDATEST\kernel.cu 
       AddCudaCompilePropsDeps:
         Found "CudaToolkitCustomDir".
         Found "AdditionalDeps".
         Found "CompileOut".
         Found "Include".
         Found "Keep".
         Found "KeepDir".
         Found "NvccCompilation".
         Found "NvccPath".
         Found "RequiredIncludes".
         Found "TargetMachinePlatform".
         Found "CInterleavedPTX".
         Found "CodeGeneration".
         Found "GPUDebugInfo".
         Found "MaxRegCount".
         Found "PtxAsOptionV".
         Found "Defines".
         Found "Emulation".
         Found "HostDebugInfo".
         Found "FastMath".
         Found "Optimization".
         Found "Runtime".
         Found "RuntimeChecks".
         Found "TypeInfo".
         Found "Warning".
         Found "AdditionalOptions".
         Found "CommandLineTemplate".
       CudaBuild:
         Compiling CUDA source file kernel.cu...
         Creating directory "C:\Users\Yuanhui\Documents\GitHub\Homework0\HW0_WIN\CUDATEST\Win32\Release".
         cmd.exe /C "C:\Users\Yuanhui\AppData\Local\Temp\a861d0ba396548a8bea65ebe5939d275.cmd"
         "C:\Program Files\NVIDIA GPU Computing Toolkit\CUDA\v4.0\bin\nvcc.exe" -gencode=arch=compute_10,code=\"sm_10,compute_10\" --use-local-env --cl-version 2010 -ccbin "c:\Program Files (x86)\Microsoft Visual Studio 10.0\VC\bin" -I"C:\Program Files\NVIDIA GPU Computing Toolkit\CUDA\v4.0\include" -I"C:/ProgramData/NVIDIA Corporation/NVIDIA GPU Computing SDK 4.0/C/common/inc" -I"../shared/glew/includes" -I"../shared/freeglut/includes" -I"C:\Program Files\NVIDIA GPU Computing Toolkit\CUDA\v4.0\include"    --keep-dir "Release" -maxrregcount=0  --machine 32 --compile      -Xcompiler "/EHsc /nologo /Od /Zi  /MD " -o "C:\Users\Yuanhui\Documents\GitHub\Homework0\HW0_WIN\CUDATEST\Win32/Release/kernel.cu.obj" "C:\Users\Yuanhui\Documents\GitHub\Homework0\HW0_WIN\CUDATEST\kernel.cu"
         
         C:\Users\Yuanhui\Documents\GitHub\Homework0\HW0_WIN\CUDATEST>"C:\Program Files\NVIDIA GPU Computing Toolkit\CUDA\v4.0\bin\nvcc.exe" -gencode=arch=compute_10,code=\"sm_10,compute_10\" --use-local-env --cl-version 2010 -ccbin "c:\Program Files (x86)\Microsoft Visual Studio 10.0\VC\bin" -I"C:\Program Files\NVIDIA GPU Computing Toolkit\CUDA\v4.0\include" -I"C:/ProgramData/NVIDIA Corporation/NVIDIA GPU Computing SDK 4.0/C/common/inc" -I"../shared/glew/includes" -I"../shared/freeglut/includes" -I"C:\Program Files\NVIDIA GPU Computing Toolkit\CUDA\v4.0\include"    --keep-dir "Release" -maxrregcount=0  --machine 32 --compile      -Xcompiler "/EHsc /nologo /Od /Zi  /MD " -o "C:\Users\Yuanhui\Documents\GitHub\Homework0\HW0_WIN\CUDATEST\Win32/Release/kernel.cu.obj" "C:\Users\Yuanhui\Documents\GitHub\Homework0\HW0_WIN\CUDATEST\kernel.cu" 
         kernel.cu
         tmpxft_00001f08_00000000-0_kernel.cudafe1.gpu
         tmpxft_00001f08_00000000-5_kernel.cudafe2.gpu
         kernel.cu
         tmpxft_00001f08_00000000-0_kernel.cudafe1.cpp
         tmpxft_00001f08_00000000-11_kernel.ii
       ClCompile:
         c:\Program Files (x86)\Microsoft Visual Studio 10.0\VC\bin\CL.exe /c /I"C:\Program Files\NVIDIA GPU Computing Toolkit\CUDA\v4.0\include" /I"C:\ProgramData\NVIDIA Corporation\NVIDIA GPU Computing SDK 4.0\C\common\inc" /I../shared/glew/include /I../shared/freeglut/include /I"C:\Program Files\NVIDIA GPU Computing Toolkit\CUDA\v4.0\include" /Zi /nologo /W3 /WX- /O2 /Oi /Oy- /GL /D WIN32 /D NDEBUG /D _CONSOLE /D _UNICODE /D UNICODE /Gm- /EHsc /MD /GS /Gy /fp:precise /Zc:wchar_t /Zc:forScope /Fo"Release\\" /Fd"Release\vc100.pdb" /Gd /TP /analyze- /errorReport:prompt glslUtility.cpp main.cpp
         glslUtility.cpp
         main.cpp
         Note: including lib: glut32.lib
         
       Link:
         c:\Program Files (x86)\Microsoft Visual Studio 10.0\VC\bin\link.exe /ERRORREPORT:PROMPT /OUT:"C:\Users\Yuanhui\Documents\GitHub\Homework0\HW0_WIN\Release\CUDATEST.exe" /INCREMENTAL:NO /NOLOGO /LIBPATH:../shared/glew/lib /LIBPATH:../shared/freeglut/lib /LIBPATH:"C:\Program Files\NVIDIA GPU Computing Toolkit\CUDA\v4.0\lib\Win32" cudart.lib glew32.lib glu32.lib opengl32.lib kernel32.lib user32.lib gdi32.lib winspool.lib comdlg32.lib advapi32.lib shell32.lib ole32.lib oleaut32.lib uuid.lib odbc32.lib odbccp32.lib kernel32.lib user32.lib gdi32.lib winspool.lib comdlg32.lib advapi32.lib shell32.lib ole32.lib oleaut32.lib uuid.lib odbc32.lib odbccp32.lib /MANIFEST /ManifestFile:"Release\CUDATEST.exe.intermediate.manifest" /MANIFESTUAC:"level='asInvoker' uiAccess='false'" /DEBUG /PDB:"C:\Users\Yuanhui\Documents\GitHub\Homework0\HW0_WIN\Release\CUDATEST.pdb" /SUBSYSTEM:CONSOLE /OPT:REF /OPT:ICF /LTCG /TLBID:1 /ENTRY:"mainCRTStartup" /DYNAMICBASE /NXCOMPAT /IMPLIB:"C:\Users\Yuanhui\Documents\GitHub\Homework0\HW0_WIN\Release\CUDATEST.lib" /MACHINE:X86 C:\Users\Yuanhui\Documents\GitHub\Homework0\HW0_WIN\CUDATEST\Win32/Release/kernel.cu.obj
         Release\glslUtility.obj
         Release\main.obj
     1>LINK : fatal error LNK1104: cannot open file 'glut32.lib'
     1>Done Building Project "C:\Users\Yuanhui\Documents\GitHub\Homework0\HW0_WIN\CUDATEST\CUDATEST.vcxproj" (build target(s)) -- FAILED.

Build FAILED.

Time Elapsed 00:00:09.88
